%!Adobe-FontList 1.18
%Locale:0x813

%BeginFont
Handler:DirectoryHandler
FontType:Type1
FontName:Quicksand-Regular
FamilyName:Quicksand
StyleName:Regular
FullName:Quicksand Regular
MenuName:Quicksand
StyleBits:0
WritingScript:Roman
OutlineFileName:C:\Users\Elke\Desktop\Bestanden\Groetenkaart\Document fonts\Quicksand-Regular.otf
DataFormat:sfntData
UsesStandardEncoding:yes
isCFF:yes
hasSVG:no
FileLength:28196
FileModTime:1446665394
WeightClass:400
WidthClass:5
AngleClass:0
NameArray:0,Mac,4,Quicksand Regular
NameArray:0,Win,1,Quicksand
%EndFont

