%!Adobe-FontList 1.18
%Locale:0x813

%BeginFont
Handler:DirectoryHandler
FontType:TrueType
FontName:Hind-Bold
FamilyName:Hind
StyleName:Bold
FullName:Hind Bold
MenuName:Hind
StyleBits:2
WritingScript:Roman
OutlineFileName:C:\Users\Elke\Desktop\BACHELOR\Huisstijlgids\Document fonts\Hind-Bold.ttf
DataFormat:sfntData
hasSVG:no
FileLength:286888
FileModTime:1480258993
WeightClass:700
WidthClass:5
AngleClass:0
NameArray:0,Mac,4,Hind Bold
NameArray:0,Win,1,Hind
%EndFont

%BeginFont
Handler:DirectoryHandler
FontType:TrueType
FontName:Hind-Light
FamilyName:Hind
StyleName:Light
FullName:Hind Light
MenuName:Hind Light
StyleBits:0
WritingScript:Roman
OutlineFileName:C:\Users\Elke\Desktop\BACHELOR\Huisstijlgids\Document fonts\Hind-Light.ttf
DataFormat:sfntData
hasSVG:no
FileLength:287828
FileModTime:1480259000
WeightClass:300
WidthClass:5
AngleClass:0
NameArray:0,Mac,4,Hind Light
NameArray:0,Win,1,Hind Light
NameArray:0,Win,16,Hind
%EndFont

%BeginFont
Handler:DirectoryHandler
FontType:TrueType
FontName:Hind-Regular
FamilyName:Hind
StyleName:Regular
FullName:Hind
MenuName:Hind
StyleBits:0
WritingScript:Roman
OutlineFileName:C:\Users\Elke\Desktop\BACHELOR\Huisstijlgids\Document fonts\Hind-Regular.ttf
DataFormat:sfntData
hasSVG:no
FileLength:299792
FileModTime:1480259013
WeightClass:400
WidthClass:5
AngleClass:0
NameArray:0,Mac,4,Hind
NameArray:0,Win,1,Hind
%EndFont

%BeginFont
Handler:DirectoryHandler
FontType:TrueType
FontName:Hind-SemiBold
FamilyName:Hind
StyleName:SemiBold
FullName:Hind SemiBold
MenuName:Hind SemiBold
StyleBits:0
WritingScript:Roman
OutlineFileName:C:\Users\Elke\Desktop\BACHELOR\Huisstijlgids\Document fonts\Hind-SemiBold.ttf
DataFormat:sfntData
hasSVG:no
FileLength:282292
FileModTime:1480259019
WeightClass:600
WidthClass:5
AngleClass:0
NameArray:0,Mac,4,Hind SemiBold
NameArray:0,Win,1,Hind SemiBold
NameArray:0,Win,16,Hind
%EndFont

%BeginFont
Handler:DirectoryHandler
FontType:Type1
FontName:Quicksand-Regular
FamilyName:Quicksand
StyleName:Regular
FullName:Quicksand Regular
MenuName:Quicksand
StyleBits:0
WritingScript:Roman
OutlineFileName:C:\Users\Elke\Desktop\BACHELOR\Huisstijlgids\Document fonts\Quicksand-Regular.otf
DataFormat:sfntData
UsesStandardEncoding:yes
isCFF:yes
hasSVG:no
FileLength:28196
FileModTime:1446665394
WeightClass:400
WidthClass:5
AngleClass:0
NameArray:0,Mac,4,Quicksand Regular
NameArray:0,Win,1,Quicksand
%EndFont

